<?xml version="1.0" encoding="UTF-8"?>
<Site BuildName="(empty)"
	BuildStamp="20240614-0630-Experimental"
	Name="(empty)"
	Generator="ctest-3.25.2"
	CompilerName=""
	CompilerVersion=""
	OSName="Linux"
	Hostname="R9000P"
	OSRelease="6.2.0-26-generic"
	OSVersion="#26~22.04.1-Ubuntu SMP PREEMPT_DYNAMIC Thu Jul 13 16:27:29 UTC 2"
	OSPlatform="x86_64"
	Is64Bits="1"
	VendorString="AuthenticAMD"
	VendorID="Advanced Micro Devices"
	FamilyID="25"
	ModelID="97"
	ProcessorCacheSize="1024"
	NumberOfLogicalCPU="32"
	NumberOfPhysicalCPU="16"
	TotalVirtualMemory="0"
	TotalPhysicalMemory="15657"
	LogicalProcessorsPerPhysical="2"
	ProcessorClockFrequency="3057.2"
	>
	<Testing>
		<StartDateTime>Jun 14 14:54 CST</StartDateTime>
		<StartTestTime>1718348061</StartTestTime>
		<TestList/>
		<EndDateTime>Jun 14 14:54 CST</EndDateTime>
		<EndTestTime>1718348061</EndTestTime>
		<ElapsedMinutes>0</ElapsedMinutes>
	</Testing>
</Site>
